app/build/intermediates/manifest_merge_blame_file/debug/manifest-merger-blame-debug-report.txt
1<?xml version="1.0" encoding="utf-8"?>
2<manifest xmlns:android="http://schemas.android.com/apk/res/android"
3    package="ru.androidschool.intensiv"
4    android:versionCode="1"
5    android:versionName="1.0" >
6
7    <uses-sdk
8        android:minSdkVersion="21"
8-->src/main/AndroidManifest.xml
9        android:targetSdkVersion="30" />
9-->src/main/AndroidManifest.xml
10
11    <uses-permission android:name="android.permission.INTERNET" />
11-->src/main/AndroidManifest.xml:5:5-67
11-->src/main/AndroidManifest.xml:5:22-64
12    <uses-permission android:name="android.permission.CAMERA" />
12-->src/main/AndroidManifest.xml:7:5-64
12-->src/main/AndroidManifest.xml:7:22-62
13    <uses-permission android:name="android.permission.WAKE_LOCK" />
13-->[androidx.work:work-runtime:2.3.4] AndroidManifest.xml:25:5-68
13-->[androidx.work:work-runtime:2.3.4] AndroidManifest.xml:25:22-65
14    <uses-permission android:name="android.permission.ACCESS_NETWORK_STATE" />
14-->[androidx.work:work-runtime:2.3.4] AndroidManifest.xml:26:5-79
14-->[androidx.work:work-runtime:2.3.4] AndroidManifest.xml:26:22-76
15    <uses-permission android:name="android.permission.RECEIVE_BOOT_COMPLETED" />
15-->[androidx.work:work-runtime:2.3.4] AndroidManifest.xml:27:5-81
15-->[androidx.work:work-runtime:2.3.4] AndroidManifest.xml:27:22-78
16    <uses-permission android:name="android.permission.FOREGROUND_SERVICE" />
16-->[androidx.work:work-runtime:2.3.4] AndroidManifest.xml:28:5-77
16-->[androidx.work:work-runtime:2.3.4] AndroidManifest.xml:28:22-74
17
18    <application
18-->src/main/AndroidManifest.xml:9:5-30:19
19        android:name="ru.androidheroes.starthubapp.MoscowHackatonApp"
19-->src/main/AndroidManifest.xml:10:9-70
20        android:allowBackup="true"
20-->src/main/AndroidManifest.xml:11:9-35
21        android:appComponentFactory="androidx.core.app.CoreComponentFactory"
21-->[androidx.core:core:1.3.2] AndroidManifest.xml:24:18-86
22        android:debuggable="true"
23        android:icon="@mipmap/ic_launcher"
23-->src/main/AndroidManifest.xml:12:9-43
24        android:label="@string/app_name"
24-->src/main/AndroidManifest.xml:13:9-41
25        android:roundIcon="@mipmap/ic_launcher_round"
25-->src/main/AndroidManifest.xml:14:9-54
26        android:supportsRtl="true"
26-->src/main/AndroidManifest.xml:15:9-35
27        android:testOnly="true"
28        android:theme="@style/AppTheme"
28-->src/main/AndroidManifest.xml:16:9-40
29        android:usesCleartextTraffic="true" >
29-->src/main/AndroidManifest.xml:17:9-44
30        <activity android:name="ru.androidheroes.starthubapp.ui.feed.WebViewActivity" />
30-->src/main/AndroidManifest.xml:18:9-98
30-->src/main/AndroidManifest.xml:18:19-86
31        <activity android:name="ru.androidheroes.starthubapp.MainActivity" >
31-->src/main/AndroidManifest.xml:19:9-25:20
31-->src/main/AndroidManifest.xml:19:19-75
32            <intent-filter>
32-->src/main/AndroidManifest.xml:20:13-24:29
33                <action android:name="android.intent.action.MAIN" />
33-->src/main/AndroidManifest.xml:21:17-69
33-->src/main/AndroidManifest.xml:21:25-66
34
35                <category android:name="android.intent.category.LAUNCHER" />
35-->src/main/AndroidManifest.xml:23:17-77
35-->src/main/AndroidManifest.xml:23:27-74
36            </intent-filter>
37        </activity>
38        <activity
38-->src/main/AndroidManifest.xml:26:9-29:52
39            android:name="ru.androidheroes.starthubapp.ui.RegistrationActivity"
39-->src/main/AndroidManifest.xml:27:13-80
40            android:configChanges="orientation|keyboardHidden"
40-->src/main/AndroidManifest.xml:28:13-63
41            android:screenOrientation="portrait" />
41-->src/main/AndroidManifest.xml:29:13-49
42
43        <provider
43-->[com.readystatesoftware.chuck:library:1.1.0] AndroidManifest.xml:23:9-26:40
44            android:name="com.readystatesoftware.chuck.internal.data.ChuckContentProvider"
44-->[com.readystatesoftware.chuck:library:1.1.0] AndroidManifest.xml:24:13-91
45            android:authorities="ru.androidschool.intensiv.chuck.provider"
45-->[com.readystatesoftware.chuck:library:1.1.0] AndroidManifest.xml:25:13-66
46            android:exported="false" />
46-->[com.readystatesoftware.chuck:library:1.1.0] AndroidManifest.xml:26:13-37
47
48        <activity
48-->[com.readystatesoftware.chuck:library:1.1.0] AndroidManifest.xml:28:9-33:50
49            android:name="com.readystatesoftware.chuck.internal.ui.MainActivity"
49-->[com.readystatesoftware.chuck:library:1.1.0] AndroidManifest.xml:29:13-81
50            android:label="@string/chuck_name"
50-->[com.readystatesoftware.chuck:library:1.1.0] AndroidManifest.xml:30:13-47
51            android:launchMode="singleTask"
51-->[com.readystatesoftware.chuck:library:1.1.0] AndroidManifest.xml:31:13-44
52            android:taskAffinity="com.readystatesoftware.chuck.task"
52-->[com.readystatesoftware.chuck:library:1.1.0] AndroidManifest.xml:32:13-69
53            android:theme="@style/Chuck.Theme" />
53-->[com.readystatesoftware.chuck:library:1.1.0] AndroidManifest.xml:33:13-47
54        <activity
54-->[com.readystatesoftware.chuck:library:1.1.0] AndroidManifest.xml:34:9-37:50
55            android:name="com.readystatesoftware.chuck.internal.ui.TransactionActivity"
55-->[com.readystatesoftware.chuck:library:1.1.0] AndroidManifest.xml:35:13-88
56            android:parentActivityName="com.readystatesoftware.chuck.internal.ui.MainActivity"
56-->[com.readystatesoftware.chuck:library:1.1.0] AndroidManifest.xml:36:13-95
57            android:theme="@style/Chuck.Theme" />
57-->[com.readystatesoftware.chuck:library:1.1.0] AndroidManifest.xml:37:13-47
58
59        <service
59-->[com.readystatesoftware.chuck:library:1.1.0] AndroidManifest.xml:39:9-41:40
60            android:name="com.readystatesoftware.chuck.internal.support.ClearTransactionsService"
60-->[com.readystatesoftware.chuck:library:1.1.0] AndroidManifest.xml:40:13-98
61            android:exported="false" />
61-->[com.readystatesoftware.chuck:library:1.1.0] AndroidManifest.xml:41:13-37
62
63        <provider
63-->[com.squareup.picasso:picasso:2.71828] AndroidManifest.xml:8:9-11:40
64            android:name="com.squareup.picasso.PicassoProvider"
64-->[com.squareup.picasso:picasso:2.71828] AndroidManifest.xml:9:13-64
65            android:authorities="ru.androidschool.intensiv.com.squareup.picasso"
65-->[com.squareup.picasso:picasso:2.71828] AndroidManifest.xml:10:13-72
66            android:exported="false" />
66-->[com.squareup.picasso:picasso:2.71828] AndroidManifest.xml:11:13-37
67        <provider
67-->[androidx.work:work-runtime:2.3.4] AndroidManifest.xml:31:9-37:35
68            android:name="androidx.work.impl.WorkManagerInitializer"
68-->[androidx.work:work-runtime:2.3.4] AndroidManifest.xml:32:13-69
69            android:authorities="ru.androidschool.intensiv.workmanager-init"
69-->[androidx.work:work-runtime:2.3.4] AndroidManifest.xml:33:13-68
70            android:directBootAware="false"
70-->[androidx.work:work-runtime:2.3.4] AndroidManifest.xml:34:13-44
71            android:exported="false"
71-->[androidx.work:work-runtime:2.3.4] AndroidManifest.xml:35:13-37
72            android:multiprocess="true" />
72-->[androidx.work:work-runtime:2.3.4] AndroidManifest.xml:36:13-40
73
74        <service
74-->[androidx.work:work-runtime:2.3.4] AndroidManifest.xml:39:9-44:35
75            android:name="androidx.work.impl.background.systemalarm.SystemAlarmService"
75-->[androidx.work:work-runtime:2.3.4] AndroidManifest.xml:40:13-88
76            android:directBootAware="false"
76-->[androidx.work:work-runtime:2.3.4] AndroidManifest.xml:41:13-44
77            android:enabled="@bool/enable_system_alarm_service_default"
77-->[androidx.work:work-runtime:2.3.4] AndroidManifest.xml:42:13-72
78            android:exported="false" />
78-->[androidx.work:work-runtime:2.3.4] AndroidManifest.xml:43:13-37
79        <service
79-->[androidx.work:work-runtime:2.3.4] AndroidManifest.xml:45:9-51:35
80            android:name="androidx.work.impl.background.systemjob.SystemJobService"
80-->[androidx.work:work-runtime:2.3.4] AndroidManifest.xml:46:13-84
81            android:directBootAware="false"
81-->[androidx.work:work-runtime:2.3.4] AndroidManifest.xml:47:13-44
82            android:enabled="@bool/enable_system_job_service_default"
82-->[androidx.work:work-runtime:2.3.4] AndroidManifest.xml:48:13-70
83            android:exported="true"
83-->[androidx.work:work-runtime:2.3.4] AndroidManifest.xml:49:13-36
84            android:permission="android.permission.BIND_JOB_SERVICE" />
84-->[androidx.work:work-runtime:2.3.4] AndroidManifest.xml:50:13-69
85        <service
85-->[androidx.work:work-runtime:2.3.4] AndroidManifest.xml:52:9-57:35
86            android:name="androidx.work.impl.foreground.SystemForegroundService"
86-->[androidx.work:work-runtime:2.3.4] AndroidManifest.xml:53:13-81
87            android:directBootAware="false"
87-->[androidx.work:work-runtime:2.3.4] AndroidManifest.xml:54:13-44
88            android:enabled="@bool/enable_system_foreground_service_default"
88-->[androidx.work:work-runtime:2.3.4] AndroidManifest.xml:55:13-77
89            android:exported="false" />
89-->[androidx.work:work-runtime:2.3.4] AndroidManifest.xml:56:13-37
90
91        <receiver
91-->[androidx.work:work-runtime:2.3.4] AndroidManifest.xml:59:9-64:35
92            android:name="androidx.work.impl.utils.ForceStopRunnable$BroadcastReceiver"
92-->[androidx.work:work-runtime:2.3.4] AndroidManifest.xml:60:13-88
93            android:directBootAware="false"
93-->[androidx.work:work-runtime:2.3.4] AndroidManifest.xml:61:13-44
94            android:enabled="true"
94-->[androidx.work:work-runtime:2.3.4] AndroidManifest.xml:62:13-35
95            android:exported="false" />
95-->[androidx.work:work-runtime:2.3.4] AndroidManifest.xml:63:13-37
96        <receiver
96-->[androidx.work:work-runtime:2.3.4] AndroidManifest.xml:65:9-75:20
97            android:name="androidx.work.impl.background.systemalarm.ConstraintProxy$BatteryChargingProxy"
97-->[androidx.work:work-runtime:2.3.4] AndroidManifest.xml:66:13-106
98            android:directBootAware="false"
98-->[androidx.work:work-runtime:2.3.4] AndroidManifest.xml:67:13-44
99            android:enabled="false"
99-->[androidx.work:work-runtime:2.3.4] AndroidManifest.xml:68:13-36
100            android:exported="false" >
100-->[androidx.work:work-runtime:2.3.4] AndroidManifest.xml:69:13-37
101            <intent-filter>
101-->[androidx.work:work-runtime:2.3.4] AndroidManifest.xml:71:13-74:29
102                <action android:name="android.intent.action.ACTION_POWER_CONNECTED" />
102-->[androidx.work:work-runtime:2.3.4] AndroidManifest.xml:72:17-87
102-->[androidx.work:work-runtime:2.3.4] AndroidManifest.xml:72:25-84
103                <action android:name="android.intent.action.ACTION_POWER_DISCONNECTED" />
103-->[androidx.work:work-runtime:2.3.4] AndroidManifest.xml:73:17-90
103-->[androidx.work:work-runtime:2.3.4] AndroidManifest.xml:73:25-87
104            </intent-filter>
105        </receiver>
106        <receiver
106-->[androidx.work:work-runtime:2.3.4] AndroidManifest.xml:76:9-86:20
107            android:name="androidx.work.impl.background.systemalarm.ConstraintProxy$BatteryNotLowProxy"
107-->[androidx.work:work-runtime:2.3.4] AndroidManifest.xml:77:13-104
108            android:directBootAware="false"
108-->[androidx.work:work-runtime:2.3.4] AndroidManifest.xml:78:13-44
109            android:enabled="false"
109-->[androidx.work:work-runtime:2.3.4] AndroidManifest.xml:79:13-36
110            android:exported="false" >
110-->[androidx.work:work-runtime:2.3.4] AndroidManifest.xml:80:13-37
111            <intent-filter>
111-->[androidx.work:work-runtime:2.3.4] AndroidManifest.xml:82:13-85:29
112                <action android:name="android.intent.action.BATTERY_OKAY" />
112-->[androidx.work:work-runtime:2.3.4] AndroidManifest.xml:83:17-77
112-->[androidx.work:work-runtime:2.3.4] AndroidManifest.xml:83:25-74
113                <action android:name="android.intent.action.BATTERY_LOW" />
113-->[androidx.work:work-runtime:2.3.4] AndroidManifest.xml:84:17-76
113-->[androidx.work:work-runtime:2.3.4] AndroidManifest.xml:84:25-73
114            </intent-filter>
115        </receiver>
116        <receiver
116-->[androidx.work:work-runtime:2.3.4] AndroidManifest.xml:87:9-97:20
117            android:name="androidx.work.impl.background.systemalarm.ConstraintProxy$StorageNotLowProxy"
117-->[androidx.work:work-runtime:2.3.4] AndroidManifest.xml:88:13-104
118            android:directBootAware="false"
118-->[androidx.work:work-runtime:2.3.4] AndroidManifest.xml:89:13-44
119            android:enabled="false"
119-->[androidx.work:work-runtime:2.3.4] AndroidManifest.xml:90:13-36
120            android:exported="false" >
120-->[androidx.work:work-runtime:2.3.4] AndroidManifest.xml:91:13-37
121            <intent-filter>
121-->[androidx.work:work-runtime:2.3.4] AndroidManifest.xml:93:13-96:29
122                <action android:name="android.intent.action.DEVICE_STORAGE_LOW" />
122-->[androidx.work:work-runtime:2.3.4] AndroidManifest.xml:94:17-83
122-->[androidx.work:work-runtime:2.3.4] AndroidManifest.xml:94:25-80
123                <action android:name="android.intent.action.DEVICE_STORAGE_OK" />
123-->[androidx.work:work-runtime:2.3.4] AndroidManifest.xml:95:17-82
123-->[androidx.work:work-runtime:2.3.4] AndroidManifest.xml:95:25-79
124            </intent-filter>
125        </receiver>
126        <receiver
126-->[androidx.work:work-runtime:2.3.4] AndroidManifest.xml:98:9-107:20
127            android:name="androidx.work.impl.background.systemalarm.ConstraintProxy$NetworkStateProxy"
127-->[androidx.work:work-runtime:2.3.4] AndroidManifest.xml:99:13-103
128            android:directBootAware="false"
128-->[androidx.work:work-runtime:2.3.4] AndroidManifest.xml:100:13-44
129            android:enabled="false"
129-->[androidx.work:work-runtime:2.3.4] AndroidManifest.xml:101:13-36
130            android:exported="false" >
130-->[androidx.work:work-runtime:2.3.4] AndroidManifest.xml:102:13-37
131            <intent-filter>
131-->[androidx.work:work-runtime:2.3.4] AndroidManifest.xml:104:13-106:29
132                <action android:name="android.net.conn.CONNECTIVITY_CHANGE" />
132-->[androidx.work:work-runtime:2.3.4] AndroidManifest.xml:105:17-79
132-->[androidx.work:work-runtime:2.3.4] AndroidManifest.xml:105:25-76
133            </intent-filter>
134        </receiver>
135        <receiver
135-->[androidx.work:work-runtime:2.3.4] AndroidManifest.xml:108:9-119:20
136            android:name="androidx.work.impl.background.systemalarm.RescheduleReceiver"
136-->[androidx.work:work-runtime:2.3.4] AndroidManifest.xml:109:13-88
137            android:directBootAware="false"
137-->[androidx.work:work-runtime:2.3.4] AndroidManifest.xml:110:13-44
138            android:enabled="false"
138-->[androidx.work:work-runtime:2.3.4] AndroidManifest.xml:111:13-36
139            android:exported="false" >
139-->[androidx.work:work-runtime:2.3.4] AndroidManifest.xml:112:13-37
140            <intent-filter>
140-->[androidx.work:work-runtime:2.3.4] AndroidManifest.xml:114:13-118:29
141                <action android:name="android.intent.action.BOOT_COMPLETED" />
141-->[androidx.work:work-runtime:2.3.4] AndroidManifest.xml:115:17-79
141-->[androidx.work:work-runtime:2.3.4] AndroidManifest.xml:115:25-76
142                <action android:name="android.intent.action.TIME_SET" />
142-->[androidx.work:work-runtime:2.3.4] AndroidManifest.xml:116:17-73
142-->[androidx.work:work-runtime:2.3.4] AndroidManifest.xml:116:25-70
143                <action android:name="android.intent.action.TIMEZONE_CHANGED" />
143-->[androidx.work:work-runtime:2.3.4] AndroidManifest.xml:117:17-81
143-->[androidx.work:work-runtime:2.3.4] AndroidManifest.xml:117:25-78
144            </intent-filter>
145        </receiver>
146        <receiver
146-->[androidx.work:work-runtime:2.3.4] AndroidManifest.xml:120:9-129:20
147            android:name="androidx.work.impl.background.systemalarm.ConstraintProxyUpdateReceiver"
147-->[androidx.work:work-runtime:2.3.4] AndroidManifest.xml:121:13-99
148            android:directBootAware="false"
148-->[androidx.work:work-runtime:2.3.4] AndroidManifest.xml:122:13-44
149            android:enabled="@bool/enable_system_alarm_service_default"
149-->[androidx.work:work-runtime:2.3.4] AndroidManifest.xml:123:13-72
150            android:exported="false" >
150-->[androidx.work:work-runtime:2.3.4] AndroidManifest.xml:124:13-37
151            <intent-filter>
151-->[androidx.work:work-runtime:2.3.4] AndroidManifest.xml:126:13-128:29
152                <action android:name="androidx.work.impl.background.systemalarm.UpdateProxies" />
152-->[androidx.work:work-runtime:2.3.4] AndroidManifest.xml:127:17-98
152-->[androidx.work:work-runtime:2.3.4] AndroidManifest.xml:127:25-95
153            </intent-filter>
154        </receiver>
155
156        <provider
156-->[androidx.lifecycle:lifecycle-process:2.2.0] AndroidManifest.xml:25:9-29:43
157            android:name="androidx.lifecycle.ProcessLifecycleOwnerInitializer"
157-->[androidx.lifecycle:lifecycle-process:2.2.0] AndroidManifest.xml:26:13-79
158            android:authorities="ru.androidschool.intensiv.lifecycle-process"
158-->[androidx.lifecycle:lifecycle-process:2.2.0] AndroidManifest.xml:27:13-69
159            android:exported="false"
159-->[androidx.lifecycle:lifecycle-process:2.2.0] AndroidManifest.xml:28:13-37
160            android:multiprocess="true" />
160-->[androidx.lifecycle:lifecycle-process:2.2.0] AndroidManifest.xml:29:13-40
161
162        <service
162-->[androidx.room:room-runtime:2.2.3] AndroidManifest.xml:25:9-27:40
163            android:name="androidx.room.MultiInstanceInvalidationService"
163-->[androidx.room:room-runtime:2.2.3] AndroidManifest.xml:26:13-74
164            android:exported="false" />
164-->[androidx.room:room-runtime:2.2.3] AndroidManifest.xml:27:13-37
165    </application>
166
167</manifest>